<?xml version="1.0" encoding="UTF-8"?>
<coverage generated="1762092112906" clover="3.2.0">
  <project timestamp="1762092112906" name="All files">
    <metrics statements="188" coveredstatements="150" conditionals="97" coveredconditionals="60" methods="45" coveredmethods="42" elements="330" coveredelements="252" complexity="0" loc="188" ncloc="188" packages="1" files="6" classes="6"/>
    <file name="contactLead.ts" path="C:\Users\marce\Desktop\Monynha Sotwares\Codebase\Projects\monynha-portfolio-3d\src\lib\contactLead.ts">
      <metrics statements="20" coveredstatements="18" conditionals="10" coveredconditionals="7" methods="3" coveredmethods="3"/>
      <line num="30" count="6" type="stmt"/>
      <line num="39" count="1" type="stmt"/>
      <line num="44" count="4" type="stmt"/>
      <line num="45" count="4" type="stmt"/>
      <line num="46" count="3" type="stmt"/>
      <line num="48" count="1" type="stmt"/>
      <line num="51" count="1" type="stmt"/>
      <line num="57" count="1" type="stmt"/>
      <line num="61" count="1" type="stmt"/>
      <line num="66" count="5" type="stmt"/>
      <line num="68" count="5" type="cond" truecount="2" falsecount="0"/>
      <line num="69" count="1" type="stmt"/>
      <line num="76" count="4" type="stmt"/>
      <line num="77" count="4" type="stmt"/>
      <line num="85" count="4" type="cond" truecount="1" falsecount="1"/>
      <line num="89" count="0" type="cond" truecount="1" falsecount="1"/>
      <line num="90" count="3" type="stmt"/>
      <line num="93" count="1" type="stmt"/>
      <line num="95" count="0" type="stmt"/>
      <line num="99" count="1" type="stmt"/>
    </file>
    <file name="contactService.ts" path="C:\Users\marce\Desktop\Monynha Sotwares\Codebase\Projects\monynha-portfolio-3d\src\lib\contactService.ts">
      <metrics statements="37" coveredstatements="34" conditionals="26" coveredconditionals="15" methods="6" coveredmethods="6"/>
      <line num="21" count="1" type="stmt"/>
      <line num="22" count="1" type="stmt"/>
      <line num="23" count="1" type="stmt"/>
      <line num="30" count="2" type="stmt"/>
      <line num="47" count="1" type="stmt"/>
      <line num="48" count="1" type="stmt"/>
      <line num="52" count="1" type="stmt"/>
      <line num="53" count="3" type="cond" truecount="1" falsecount="1"/>
      <line num="55" count="3" type="cond" truecount="1" falsecount="1"/>
      <line num="56" count="0" type="stmt"/>
      <line num="59" count="3" type="stmt"/>
      <line num="62" count="1" type="stmt"/>
      <line num="66" count="2" type="stmt"/>
      <line num="70" count="2" type="stmt"/>
      <line num="73" count="1" type="stmt"/>
      <line num="76" count="3" type="stmt"/>
      <line num="78" count="3" type="stmt"/>
      <line num="89" count="3" type="stmt"/>
      <line num="91" count="3" type="cond" truecount="1" falsecount="1"/>
      <line num="93" count="3" type="stmt"/>
      <line num="94" count="3" type="stmt"/>
      <line num="98" count="0" type="stmt"/>
      <line num="99" count="0" type="stmt"/>
      <line num="102" count="1" type="stmt"/>
      <line num="106" count="3" type="stmt"/>
      <line num="107" count="3" type="stmt"/>
      <line num="109" count="3" type="cond" truecount="2" falsecount="0"/>
      <line num="110" count="1" type="cond" truecount="2" falsecount="2"/>
      <line num="111" count="1" type="stmt"/>
      <line num="114" count="2" type="stmt"/>
      <line num="116" count="2" type="stmt"/>
      <line num="118" count="2" type="cond" truecount="2" falsecount="0"/>
      <line num="119" count="1" type="stmt"/>
      <line num="121" count="1" type="stmt"/>
      <line num="127" count="1" type="cond" truecount="2" falsecount="2"/>
      <line num="128" count="3" type="stmt"/>
      <line num="131" count="1" type="stmt"/>
    </file>
    <file name="logger.ts" path="C:\Users\marce\Desktop\Monynha Sotwares\Codebase\Projects\monynha-portfolio-3d\src\lib\logger.ts">
      <metrics statements="25" coveredstatements="23" conditionals="12" coveredconditionals="7" methods="12" coveredmethods="12"/>
      <line num="27" count="2" type="stmt"/>
      <line num="37" count="19" type="stmt"/>
      <line num="38" count="19" type="stmt"/>
      <line num="40" count="19" type="cond" truecount="2" falsecount="0"/>
      <line num="41" count="12" type="stmt"/>
      <line num="44" count="7" type="stmt"/>
      <line num="51" count="19" type="stmt"/>
      <line num="57" count="19" type="stmt"/>
      <line num="69" count="19" type="stmt"/>
      <line num="71" count="19" type="cond" truecount="1" falsecount="1"/>
      <line num="73" count="19" type="stmt"/>
      <line num="80" count="19" type="cond" truecount="4" falsecount="0"/>
      <line num="81" count="2" type="stmt"/>
      <line num="85" count="0" type="cond" truecount="0" falsecount="4"/>
      <line num="86" count="0" type="stmt"/>
      <line num="99" count="2" type="stmt"/>
      <line num="104" count="3" type="stmt"/>
      <line num="111" count="2" type="stmt"/>
      <line num="118" count="3" type="stmt"/>
      <line num="125" count="11" type="stmt"/>
      <line num="139" count="4" type="stmt"/>
      <line num="141" count="2" type="stmt"/>
      <line num="143" count="1" type="stmt"/>
      <line num="145" count="1" type="stmt"/>
      <line num="147" count="3" type="stmt"/>
    </file>
    <file name="markdownLoader.ts" path="C:\Users\marce\Desktop\Monynha Sotwares\Codebase\Projects\monynha-portfolio-3d\src\lib\markdownLoader.ts">
      <metrics statements="18" coveredstatements="16" conditionals="4" coveredconditionals="3" methods="6" coveredmethods="6"/>
      <line num="35" count="1" type="stmt"/>
      <line num="46" count="11" type="stmt"/>
      <line num="47" count="11" type="stmt"/>
      <line num="49" count="11" type="cond" truecount="2" falsecount="0"/>
      <line num="50" count="5" type="stmt"/>
      <line num="51" count="5" type="stmt"/>
      <line num="54" count="6" type="stmt"/>
      <line num="55" count="6" type="stmt"/>
      <line num="56" count="6" type="stmt"/>
      <line num="58" count="6" type="stmt"/>
      <line num="69" count="0" type="stmt"/>
      <line num="70" count="0" type="stmt"/>
      <line num="78" count="2" type="stmt"/>
      <line num="79" count="8" type="stmt"/>
      <line num="83" count="2" type="stmt"/>
      <line num="84" count="8" type="stmt"/>
      <line num="85" count="2" type="stmt"/>
      <line num="92" count="3" type="stmt"/>
    </file>
    <file name="supabaseClient.ts" path="C:\Users\marce\Desktop\Monynha Sotwares\Codebase\Projects\monynha-portfolio-3d\src\lib\supabaseClient.ts">
      <metrics statements="8" coveredstatements="7" conditionals="10" coveredconditionals="7" methods="0" coveredmethods="0"/>
      <line num="5" count="1" type="stmt"/>
      <line num="6" count="1" type="stmt"/>
      <line num="7" count="1" type="stmt"/>
      <line num="9" count="1" type="cond" truecount="3" falsecount="1"/>
      <line num="10" count="0" type="stmt"/>
      <line num="17" count="1" type="cond" truecount="3" falsecount="1"/>
      <line num="24" count="1" type="stmt"/>
      <line num="25" count="1" type="stmt"/>
    </file>
    <file name="translateService.ts" path="C:\Users\marce\Desktop\Monynha Sotwares\Codebase\Projects\monynha-portfolio-3d\src\lib\translateService.ts">
      <metrics statements="80" coveredstatements="52" conditionals="35" coveredconditionals="21" methods="18" coveredmethods="15"/>
      <line num="9" count="1" type="stmt"/>
      <line num="10" count="1" type="stmt"/>
      <line num="12" count="1" type="stmt"/>
      <line num="26" count="1" type="stmt"/>
      <line num="27" count="1" type="stmt"/>
      <line num="30" count="1" type="stmt"/>
      <line num="34" count="1" type="stmt"/>
      <line num="35" count="1" type="stmt"/>
      <line num="36" count="1" type="cond" truecount="1" falsecount="1"/>
      <line num="37" count="0" type="stmt"/>
      <line num="38" count="0" type="cond" truecount="0" falsecount="2"/>
      <line num="39" count="0" type="stmt"/>
      <line num="43" count="0" type="stmt"/>
      <line num="45" count="1" type="stmt"/>
      <line num="49" count="4" type="stmt"/>
      <line num="50" count="4" type="stmt"/>
      <line num="52" count="0" type="stmt"/>
      <line num="58" count="7" type="stmt"/>
      <line num="62" count="3" type="stmt"/>
      <line num="63" count="3" type="cond" truecount="2" falsecount="0"/>
      <line num="67" count="2" type="stmt"/>
      <line num="68" count="2" type="stmt"/>
      <line num="69" count="2" type="stmt"/>
      <line num="82" count="4" type="cond" truecount="2" falsecount="0"/>
      <line num="83" count="1" type="stmt"/>
      <line num="87" count="3" type="stmt"/>
      <line num="88" count="3" type="cond" truecount="2" falsecount="0"/>
      <line num="89" count="1" type="stmt"/>
      <line num="93" count="2" type="stmt"/>
      <line num="94" count="2" type="stmt"/>
      <line num="95" count="2" type="cond" truecount="1" falsecount="1"/>
      <line num="96" count="0" type="stmt"/>
      <line num="100" count="2" type="stmt"/>
      <line num="101" count="2" type="stmt"/>
      <line num="103" count="2" type="stmt"/>
      <line num="104" count="2" type="stmt"/>
      <line num="105" count="2" type="stmt"/>
      <line num="106" count="2" type="stmt"/>
      <line num="108" count="0" type="stmt"/>
      <line num="110" count="0" type="stmt"/>
      <line num="112" count="2" type="stmt"/>
      <line num="122" count="2" type="stmt"/>
      <line num="130" count="2" type="stmt"/>
      <line num="132" count="2" type="stmt"/>
      <line num="139" count="2" type="cond" truecount="1" falsecount="1"/>
      <line num="140" count="0" type="stmt"/>
      <line num="143" count="2" type="stmt"/>
      <line num="147" count="2" type="cond" truecount="4" falsecount="1"/>
      <line num="148" count="2" type="stmt"/>
      <line num="149" count="2" type="cond" truecount="2" falsecount="0"/>
      <line num="150" count="2" type="stmt"/>
      <line num="152" count="2" type="cond" truecount="1" falsecount="1"/>
      <line num="153" count="2" type="stmt"/>
      <line num="158" count="0" type="stmt"/>
      <line num="169" count="1" type="cond" truecount="1" falsecount="1"/>
      <line num="170" count="1" type="stmt"/>
      <line num="173" count="0" type="stmt"/>
      <line num="174" count="0" type="stmt"/>
      <line num="177" count="0" type="stmt"/>
      <line num="178" count="0" type="stmt"/>
      <line num="179" count="0" type="stmt"/>
      <line num="180" count="0" type="cond" truecount="0" falsecount="2"/>
      <line num="181" count="0" type="stmt"/>
      <line num="183" count="0" type="stmt"/>
      <line num="189" count="0" type="cond" truecount="0" falsecount="2"/>
      <line num="190" count="0" type="stmt"/>
      <line num="191" count="0" type="stmt"/>
      <line num="193" count="0" type="stmt"/>
      <line num="198" count="0" type="stmt"/>
      <line num="199" count="0" type="stmt"/>
      <line num="202" count="0" type="stmt"/>
      <line num="204" count="0" type="stmt"/>
      <line num="205" count="0" type="cond" truecount="0" falsecount="2"/>
      <line num="210" count="0" type="stmt"/>
      <line num="217" count="2" type="stmt"/>
      <line num="218" count="2" type="stmt"/>
      <line num="226" count="2" type="stmt"/>
      <line num="231" count="1" type="stmt"/>
      <line num="241" count="4" type="stmt"/>
      <line num="252" count="1" type="stmt"/>
    </file>
  </project>
</coverage>
