{"C:\\Users\\marce\\Desktop\\Monynha Sotwares\\Codebase\\Projects\\monynha-portfolio-3d\\src\\lib\\contactLead.ts": {"path":"C:\\Users\\marce\\Desktop\\Monynha Sotwares\\Codebase\\Projects\\monynha-portfolio-3d\\src\\lib\\contactLead.ts","statementMap":{"0":{"start":{"line":30,"column":18},"end":{"line":37,"column":null}},"1":{"start":{"line":30,"column":75},"end":{"line":37,"column":null}},"2":{"start":{"line":39,"column":27},"end":{"line":59,"column":null}},"3":{"start":{"line":44,"column":2},"end":{"line":58,"column":null}},"4":{"start":{"line":45,"column":4},"end":{"line":45,"column":null}},"5":{"start":{"line":46,"column":4},"end":{"line":46,"column":null}},"6":{"start":{"line":48,"column":18},"end":{"line":49,"column":null}},"7":{"start":{"line":51,"column":5},"end":{"line":56,"column":null}},"8":{"start":{"line":57,"column":4},"end":{"line":57,"column":null}},"9":{"start":{"line":61,"column":33},"end":{"line":97,"column":null}},"10":{"start":{"line":66,"column":21},"end":{"line":66,"column":null}},"11":{"start":{"line":68,"column":2},"end":{"line":74,"column":null}},"12":{"start":{"line":69,"column":4},"end":{"line":72,"column":null}},"13":{"start":{"line":76,"column":2},"end":{"line":96,"column":null}},"14":{"start":{"line":77,"column":20},"end":{"line":80,"column":null}},"15":{"start":{"line":85,"column":6},"end":{"line":87,"column":null}},"16":{"start":{"line":89,"column":4},"end":{"line":91,"column":null}},"17":{"start":{"line":90,"column":6},"end":{"line":90,"column":null}},"18":{"start":{"line":93,"column":4},"end":{"line":93,"column":null}},"19":{"start":{"line":95,"column":4},"end":{"line":95,"column":null}},"20":{"start":{"line":99,"column":27},"end":{"line":102,"column":null}}},"fnMap":{"0":{"name":"(anonymous_0)","decl":{"start":{"line":30,"column":18},"end":{"line":30,"column":19}},"loc":{"start":{"line":30,"column":75},"end":{"line":37,"column":null}},"line":30},"1":{"name":"(anonymous_1)","decl":{"start":{"line":39,"column":27},"end":{"line":39,"column":null}},"loc":{"start":{"line":42,"column":2},"end":{"line":59,"column":null}},"line":42},"2":{"name":"(anonymous_2)","decl":{"start":{"line":61,"column":33},"end":{"line":61,"column":null}},"loc":{"start":{"line":64,"column":2},"end":{"line":97,"column":null}},"line":64}},"branchMap":{"0":{"loc":{"start":{"line":33,"column":11},"end":{"line":33,"column":null}},"type":"binary-expr","locations":[{"start":{"line":33,"column":11},"end":{"line":33,"column":38}},{"start":{"line":33,"column":38},"end":{"line":33,"column":null}}],"line":33},"1":{"loc":{"start":{"line":34,"column":11},"end":{"line":34,"column":null}},"type":"binary-expr","locations":[{"start":{"line":34,"column":11},"end":{"line":34,"column":38}},{"start":{"line":34,"column":38},"end":{"line":34,"column":null}}],"line":34},"2":{"loc":{"start":{"line":68,"column":2},"end":{"line":74,"column":null}},"type":"if","locations":[{"start":{"line":68,"column":2},"end":{"line":74,"column":null}},{"start":{},"end":{}}],"line":68},"3":{"loc":{"start":{"line":85,"column":6},"end":{"line":87,"column":null}},"type":"cond-expr","locations":[{"start":{"line":86,"column":10},"end":{"line":86,"column":null}},{"start":{"line":87,"column":10},"end":{"line":87,"column":null}}],"line":85},"4":{"loc":{"start":{"line":89,"column":4},"end":{"line":91,"column":null}},"type":"if","locations":[{"start":{"line":89,"column":4},"end":{"line":91,"column":null}},{"start":{},"end":{}}],"line":89}},"s":{"0":1,"1":6,"2":1,"3":4,"4":4,"5":3,"6":1,"7":1,"8":1,"9":1,"10":5,"11":5,"12":1,"13":4,"14":4,"15":4,"16":0,"17":3,"18":1,"19":0,"20":1},"f":{"0":6,"1":4,"2":5},"b":{"0":[6,0],"1":[6,1],"2":[1,4],"3":[4,0],"4":[3,-3]},"meta":{"lastBranch":5,"lastFunction":3,"lastStatement":21,"seen":{"s:30:18:37:Infinity":0,"f:30:18:30:19":0,"s:30:75:37:Infinity":1,"b:33:11:33:38:33:38:33:Infinity":0,"b:34:11:34:38:34:38:34:Infinity":1,"s:39:27:59:Infinity":2,"f:39:27:39:Infinity":1,"s:44:2:58:Infinity":3,"s:45:4:45:Infinity":4,"s:46:4:46:Infinity":5,"s:48:18:49:Infinity":6,"s:51:5:56:Infinity":7,"s:57:4:57:Infinity":8,"s:61:33:97:Infinity":9,"f:61:33:61:Infinity":2,"s:66:21:66:Infinity":10,"b:68:2:74:Infinity:undefined:undefined:undefined:undefined":2,"s:68:2:74:Infinity":11,"s:69:4:72:Infinity":12,"s:76:2:96:Infinity":13,"s:77:20:80:Infinity":14,"s:85:6:87:Infinity":15,"b:86:10:86:Infinity:87:10:87:Infinity":3,"b:89:4:91:Infinity:undefined:undefined:undefined:undefined":4,"s:89:4:91:Infinity":16,"s:90:6:90:Infinity":17,"s:93:4:93:Infinity":18,"s:95:4:95:Infinity":19,"s:99:27:102:Infinity":20}}}
,"C:\\Users\\marce\\Desktop\\Monynha Sotwares\\Codebase\\Projects\\monynha-portfolio-3d\\src\\lib\\contactService.ts": {"path":"C:\\Users\\marce\\Desktop\\Monynha Sotwares\\Codebase\\Projects\\monynha-portfolio-3d\\src\\lib\\contactService.ts","statementMap":{"0":{"start":{"line":21,"column":22},"end":{"line":21,"column":null}},"1":{"start":{"line":22,"column":34},"end":{"line":22,"column":null}},"2":{"start":{"line":23,"column":23},"end":{"line":23,"column":null}},"3":{"start":{"line":30,"column":29},"end":{"line":43,"column":null}},"4":{"start":{"line":30,"column":60},"end":{"line":43,"column":null}},"5":{"start":{"line":47,"column":4},"end":{"line":46,"column":53}},"6":{"start":{"line":48,"column":4},"end":{"line":48,"column":null}},"7":{"start":{"line":52,"column":29},"end":{"line":60,"column":null}},"8":{"start":{"line":53,"column":19},"end":{"line":53,"column":null}},"9":{"start":{"line":55,"column":2},"end":{"line":57,"column":null}},"10":{"start":{"line":56,"column":4},"end":{"line":56,"column":null}},"11":{"start":{"line":59,"column":2},"end":{"line":59,"column":null}},"12":{"start":{"line":62,"column":26},"end":{"line":71,"column":null}},"13":{"start":{"line":66,"column":26},"end":{"line":68,"column":null}},"14":{"start":{"line":70,"column":2},"end":{"line":70,"column":null}},"15":{"start":{"line":73,"column":20},"end":{"line":100,"column":null}},"16":{"start":{"line":76,"column":20},"end":{"line":76,"column":null}},"17":{"start":{"line":78,"column":24},"end":{"line":86,"column":null}},"18":{"start":{"line":89,"column":18},"end":{"line":89,"column":null}},"19":{"start":{"line":91,"column":2},"end":{"line":95,"column":null}},"20":{"start":{"line":93,"column":22},"end":{"line":93,"column":null}},"21":{"start":{"line":94,"column":4},"end":{"line":94,"column":null}},"22":{"start":{"line":98,"column":26},"end":{"line":98,"column":null}},"23":{"start":{"line":99,"column":2},"end":{"line":99,"column":null}},"24":{"start":{"line":102,"column":29},"end":{"line":129,"column":null}},"25":{"start":{"line":106,"column":17},"end":{"line":106,"column":null}},"26":{"start":{"line":107,"column":26},"end":{"line":107,"column":null}},"27":{"start":{"line":109,"column":2},"end":{"line":112,"column":null}},"28":{"start":{"line":110,"column":19},"end":{"line":110,"column":null}},"29":{"start":{"line":111,"column":4},"end":{"line":111,"column":null}},"30":{"start":{"line":114,"column":2},"end":{"line":114,"column":null}},"31":{"start":{"line":116,"column":19},"end":{"line":116,"column":null}},"32":{"start":{"line":118,"column":2},"end":{"line":125,"column":null}},"33":{"start":{"line":119,"column":4},"end":{"line":119,"column":null}},"34":{"start":{"line":121,"column":4},"end":{"line":124,"column":null}},"35":{"start":{"line":127,"column":17},"end":{"line":127,"column":null}},"36":{"start":{"line":128,"column":2},"end":{"line":128,"column":null}},"37":{"start":{"line":131,"column":26},"end":{"line":136,"column":null}}},"fnMap":{"0":{"name":"(anonymous_0)","decl":{"start":{"line":30,"column":29},"end":{"line":30,"column":30}},"loc":{"start":{"line":30,"column":60},"end":{"line":43,"column":null}},"line":30},"1":{"name":"(anonymous_1)","decl":{"start":{"line":46,"column":2},"end":{"line":46,"column":14}},"loc":{"start":{"line":46,"column":55},"end":{"line":49,"column":null}},"line":46},"2":{"name":"(anonymous_2)","decl":{"start":{"line":52,"column":29},"end":{"line":52,"column":30}},"loc":{"start":{"line":52,"column":30},"end":{"line":60,"column":null}},"line":52},"3":{"name":"(anonymous_3)","decl":{"start":{"line":62,"column":26},"end":{"line":62,"column":null}},"loc":{"start":{"line":64,"column":2},"end":{"line":71,"column":null}},"line":64},"4":{"name":"(anonymous_4)","decl":{"start":{"line":73,"column":20},"end":{"line":73,"column":27}},"loc":{"start":{"line":73,"column":53},"end":{"line":100,"column":null}},"line":73},"5":{"name":"(anonymous_5)","decl":{"start":{"line":102,"column":29},"end":{"line":102,"column":null}},"loc":{"start":{"line":104,"column":2},"end":{"line":129,"column":null}},"line":104}},"branchMap":{"0":{"loc":{"start":{"line":36,"column":4},"end":{"line":36,"column":null}},"type":"cond-expr","locations":[{"start":{"line":36,"column":22},"end":{"line":36,"column":51}},{"start":{"line":36,"column":54},"end":{"line":36,"column":null}}],"line":36},"1":{"loc":{"start":{"line":37,"column":4},"end":{"line":37,"column":null}},"type":"cond-expr","locations":[{"start":{"line":37,"column":22},"end":{"line":37,"column":51}},{"start":{"line":37,"column":54},"end":{"line":37,"column":null}}],"line":37},"2":{"loc":{"start":{"line":53,"column":19},"end":{"line":53,"column":null}},"type":"binary-expr","locations":[{"start":{"line":53,"column":19},"end":{"line":53,"column":29}},{"start":{"line":53,"column":29},"end":{"line":53,"column":null}}],"line":53},"3":{"loc":{"start":{"line":55,"column":2},"end":{"line":57,"column":null}},"type":"if","locations":[{"start":{"line":55,"column":2},"end":{"line":57,"column":null}},{"start":{},"end":{}}],"line":55},"4":{"loc":{"start":{"line":81,"column":13},"end":{"line":81,"column":null}},"type":"binary-expr","locations":[{"start":{"line":81,"column":13},"end":{"line":81,"column":28}},{"start":{"line":81,"column":32},"end":{"line":81,"column":null}}],"line":81},"5":{"loc":{"start":{"line":82,"column":13},"end":{"line":82,"column":null}},"type":"binary-expr","locations":[{"start":{"line":82,"column":13},"end":{"line":82,"column":28}},{"start":{"line":82,"column":32},"end":{"line":82,"column":null}}],"line":82},"6":{"loc":{"start":{"line":91,"column":2},"end":{"line":95,"column":null}},"type":"if","locations":[{"start":{"line":91,"column":2},"end":{"line":95,"column":null}},{"start":{},"end":{}}],"line":91},"7":{"loc":{"start":{"line":109,"column":2},"end":{"line":112,"column":null}},"type":"if","locations":[{"start":{"line":109,"column":2},"end":{"line":112,"column":null}},{"start":{},"end":{}}],"line":109},"8":{"loc":{"start":{"line":110,"column":19},"end":{"line":110,"column":null}},"type":"cond-expr","locations":[{"start":{"line":110,"column":60},"end":{"line":110,"column":74}},{"start":{"line":110,"column":74},"end":{"line":110,"column":null}}],"line":110},"9":{"loc":{"start":{"line":110,"column":19},"end":{"line":110,"column":60}},"type":"binary-expr","locations":[{"start":{"line":110,"column":19},"end":{"line":110,"column":42}},{"start":{"line":110,"column":42},"end":{"line":110,"column":60}}],"line":110},"10":{"loc":{"start":{"line":118,"column":2},"end":{"line":125,"column":null}},"type":"if","locations":[{"start":{"line":118,"column":2},"end":{"line":125,"column":null}},{"start":{},"end":{}}],"line":118},"11":{"loc":{"start":{"line":127,"column":17},"end":{"line":127,"column":null}},"type":"cond-expr","locations":[{"start":{"line":127,"column":58},"end":{"line":127,"column":72}},{"start":{"line":127,"column":72},"end":{"line":127,"column":null}}],"line":127},"12":{"loc":{"start":{"line":127,"column":17},"end":{"line":127,"column":58}},"type":"binary-expr","locations":[{"start":{"line":127,"column":17},"end":{"line":127,"column":40}},{"start":{"line":127,"column":40},"end":{"line":127,"column":58}}],"line":127}},"s":{"0":1,"1":1,"2":1,"3":1,"4":2,"5":1,"6":1,"7":1,"8":3,"9":3,"10":0,"11":3,"12":1,"13":2,"14":2,"15":1,"16":3,"17":3,"18":3,"19":3,"20":3,"21":3,"22":0,"23":0,"24":1,"25":3,"26":3,"27":3,"28":1,"29":1,"30":2,"31":2,"32":2,"33":1,"34":1,"35":1,"36":3,"37":1},"f":{"0":2,"1":1,"2":3,"3":2,"4":3,"5":3},"b":{"0":[2,0],"1":[2,0],"2":[3,0],"3":[0,3],"4":[3,0],"5":[3,0],"6":[3,0],"7":[1,2],"8":[0,1],"9":[1,0],"10":[1,1],"11":[0,1],"12":[1,0]},"meta":{"lastBranch":13,"lastFunction":6,"lastStatement":38,"seen":{"s:21:22:21:Infinity":0,"s:22:34:22:Infinity":1,"s:23:23:23:Infinity":2,"s:30:29:43:Infinity":3,"f:30:29:30:30":0,"s:30:60:43:Infinity":4,"b:36:22:36:51:36:54:36:Infinity":0,"b:37:22:37:51:37:54:37:Infinity":1,"f:46:2:46:14":1,"s:47:4:46:53":5,"s:48:4:48:Infinity":6,"s:52:29:60:Infinity":7,"f:52:29:52:30":2,"s:53:19:53:Infinity":8,"b:53:19:53:29:53:29:53:Infinity":2,"b:55:2:57:Infinity:undefined:undefined:undefined:undefined":3,"s:55:2:57:Infinity":9,"s:56:4:56:Infinity":10,"s:59:2:59:Infinity":11,"s:62:26:71:Infinity":12,"f:62:26:62:Infinity":3,"s:66:26:68:Infinity":13,"s:70:2:70:Infinity":14,"s:73:20:100:Infinity":15,"f:73:20:73:27":4,"s:76:20:76:Infinity":16,"s:78:24:86:Infinity":17,"b:81:13:81:28:81:32:81:Infinity":4,"b:82:13:82:28:82:32:82:Infinity":5,"s:89:18:89:Infinity":18,"b:91:2:95:Infinity:undefined:undefined:undefined:undefined":6,"s:91:2:95:Infinity":19,"s:93:22:93:Infinity":20,"s:94:4:94:Infinity":21,"s:98:26:98:Infinity":22,"s:99:2:99:Infinity":23,"s:102:29:129:Infinity":24,"f:102:29:102:Infinity":5,"s:106:17:106:Infinity":25,"s:107:26:107:Infinity":26,"b:109:2:112:Infinity:undefined:undefined:undefined:undefined":7,"s:109:2:112:Infinity":27,"s:110:19:110:Infinity":28,"b:110:60:110:74:110:74:110:Infinity":8,"b:110:19:110:42:110:42:110:60":9,"s:111:4:111:Infinity":29,"s:114:2:114:Infinity":30,"s:116:19:116:Infinity":31,"b:118:2:125:Infinity:undefined:undefined:undefined:undefined":10,"s:118:2:125:Infinity":32,"s:119:4:119:Infinity":33,"s:121:4:124:Infinity":34,"s:127:17:127:Infinity":35,"b:127:58:127:72:127:72:127:Infinity":11,"b:127:17:127:40:127:40:127:58":12,"s:128:2:128:Infinity":36,"s:131:26:136:Infinity":37}}}
,"C:\\Users\\marce\\Desktop\\Monynha Sotwares\\Codebase\\Projects\\monynha-portfolio-3d\\src\\lib\\logger.ts": {"path":"C:\\Users\\marce\\Desktop\\Monynha Sotwares\\Codebase\\Projects\\monynha-portfolio-3d\\src\\lib\\logger.ts","statementMap":{"0":{"start":{"line":27,"column":22},"end":{"line":27,"column":41}},"1":{"start":{"line":37,"column":20},"end":{"line":37,"column":null}},"2":{"start":{"line":38,"column":17},"end":{"line":38,"column":58}},"3":{"start":{"line":40,"column":2},"end":{"line":42,"column":null}},"4":{"start":{"line":41,"column":4},"end":{"line":41,"column":null}},"5":{"start":{"line":44,"column":2},"end":{"line":44,"column":null}},"6":{"start":{"line":51,"column":43},"end":{"line":56,"column":null}},"7":{"start":{"line":57,"column":2},"end":{"line":57,"column":null}},"8":{"start":{"line":69,"column":27},"end":{"line":69,"column":null}},"9":{"start":{"line":71,"column":2},"end":{"line":93,"column":null}},"10":{"start":{"line":73,"column":4},"end":{"line":76,"column":null}},"11":{"start":{"line":80,"column":4},"end":{"line":82,"column":null}},"12":{"start":{"line":81,"column":6},"end":{"line":81,"column":null}},"13":{"start":{"line":85,"column":4},"end":{"line":92,"column":null}},"14":{"start":{"line":86,"column":6},"end":{"line":86,"column":null}},"15":{"start":{"line":99,"column":22},"end":{"line":150,"column":null}},"16":{"start":{"line":104,"column":4},"end":{"line":104,"column":null}},"17":{"start":{"line":111,"column":4},"end":{"line":111,"column":null}},"18":{"start":{"line":118,"column":4},"end":{"line":118,"column":null}},"19":{"start":{"line":125,"column":4},"end":{"line":125,"column":null}},"20":{"start":{"line":139,"column":4},"end":{"line":148,"column":null}},"21":{"start":{"line":141,"column":8},"end":{"line":141,"column":null}},"22":{"start":{"line":143,"column":8},"end":{"line":143,"column":null}},"23":{"start":{"line":145,"column":8},"end":{"line":145,"column":null}},"24":{"start":{"line":147,"column":8},"end":{"line":147,"column":null}}},"fnMap":{"0":{"name":"formatMessage","decl":{"start":{"line":32,"column":9},"end":{"line":32,"column":null}},"loc":{"start":{"line":35,"column":22},"end":{"line":45,"column":null}},"line":35},"1":{"name":"getLogStyle","decl":{"start":{"line":50,"column":9},"end":{"line":50,"column":21}},"loc":{"start":{"line":50,"column":36},"end":{"line":58,"column":null}},"line":50},"2":{"name":"doLog","decl":{"start":{"line":63,"column":9},"end":{"line":63,"column":null}},"loc":{"start":{"line":67,"column":20},"end":{"line":94,"column":null}},"line":67},"3":{"name":"(anonymous_3)","decl":{"start":{"line":103,"column":2},"end":{"line":103,"column":6}},"loc":{"start":{"line":103,"column":63},"end":{"line":105,"column":null}},"line":103},"4":{"name":"(anonymous_4)","decl":{"start":{"line":110,"column":2},"end":{"line":110,"column":7}},"loc":{"start":{"line":110,"column":64},"end":{"line":112,"column":null}},"line":110},"5":{"name":"(anonymous_5)","decl":{"start":{"line":117,"column":2},"end":{"line":117,"column":7}},"loc":{"start":{"line":117,"column":64},"end":{"line":119,"column":null}},"line":117},"6":{"name":"(anonymous_6)","decl":{"start":{"line":124,"column":2},"end":{"line":124,"column":8}},"loc":{"start":{"line":124,"column":65},"end":{"line":126,"column":null}},"line":124},"7":{"name":"(anonymous_7)","decl":{"start":{"line":138,"column":2},"end":{"line":138,"column":8}},"loc":{"start":{"line":138,"column":25},"end":{"line":149,"column":null}},"line":138},"8":{"name":"(anonymous_8)","decl":{"start":{"line":140,"column":11},"end":{"line":140,"column":12}},"loc":{"start":{"line":141,"column":8},"end":{"line":141,"column":null}},"line":141},"9":{"name":"(anonymous_9)","decl":{"start":{"line":142,"column":12},"end":{"line":142,"column":13}},"loc":{"start":{"line":143,"column":8},"end":{"line":143,"column":null}},"line":143},"10":{"name":"(anonymous_10)","decl":{"start":{"line":144,"column":12},"end":{"line":144,"column":13}},"loc":{"start":{"line":145,"column":8},"end":{"line":145,"column":null}},"line":145},"11":{"name":"(anonymous_11)","decl":{"start":{"line":146,"column":13},"end":{"line":146,"column":14}},"loc":{"start":{"line":147,"column":8},"end":{"line":147,"column":null}},"line":147}},"branchMap":{"0":{"loc":{"start":{"line":40,"column":2},"end":{"line":42,"column":null}},"type":"if","locations":[{"start":{"line":40,"column":2},"end":{"line":42,"column":null}},{"start":{},"end":{}}],"line":40},"1":{"loc":{"start":{"line":71,"column":2},"end":{"line":93,"column":null}},"type":"if","locations":[{"start":{"line":71,"column":2},"end":{"line":93,"column":null}},{"start":{"line":83,"column":9},"end":{"line":93,"column":null}}],"line":71},"2":{"loc":{"start":{"line":80,"column":4},"end":{"line":82,"column":null}},"type":"if","locations":[{"start":{"line":80,"column":4},"end":{"line":82,"column":null}},{"start":{},"end":{}}],"line":80},"3":{"loc":{"start":{"line":80,"column":8},"end":{"line":80,"column":71}},"type":"binary-expr","locations":[{"start":{"line":80,"column":8},"end":{"line":80,"column":29}},{"start":{"line":80,"column":29},"end":{"line":80,"column":71}}],"line":80},"4":{"loc":{"start":{"line":85,"column":4},"end":{"line":92,"column":null}},"type":"if","locations":[{"start":{"line":85,"column":4},"end":{"line":92,"column":null}},{"start":{},"end":{}}],"line":85},"5":{"loc":{"start":{"line":85,"column":8},"end":{"line":85,"column":47}},"type":"binary-expr","locations":[{"start":{"line":85,"column":8},"end":{"line":85,"column":28}},{"start":{"line":85,"column":28},"end":{"line":85,"column":47}}],"line":85}},"s":{"0":2,"1":19,"2":19,"3":19,"4":12,"5":7,"6":19,"7":19,"8":19,"9":19,"10":19,"11":19,"12":2,"13":0,"14":0,"15":2,"16":3,"17":2,"18":3,"19":11,"20":4,"21":2,"22":1,"23":1,"24":3},"f":{"0":19,"1":19,"2":19,"3":3,"4":2,"5":3,"6":11,"7":4,"8":2,"9":1,"10":1,"11":3},"b":{"0":[12,7],"1":[19,0],"2":[2,17],"3":[19,2],"4":[0,0],"5":[0,0]},"meta":{"lastBranch":6,"lastFunction":12,"lastStatement":25,"seen":{"s:27:22:27:41":0,"f:32:9:32:Infinity":0,"s:37:20:37:Infinity":1,"s:38:17:38:58":2,"b:40:2:42:Infinity:undefined:undefined:undefined:undefined":0,"s:40:2:42:Infinity":3,"s:41:4:41:Infinity":4,"s:44:2:44:Infinity":5,"f:50:9:50:21":1,"s:51:43:56:Infinity":6,"s:57:2:57:Infinity":7,"f:63:9:63:Infinity":2,"s:69:27:69:Infinity":8,"b:71:2:93:Infinity:83:9:93:Infinity":1,"s:71:2:93:Infinity":9,"s:73:4:76:Infinity":10,"b:80:4:82:Infinity:undefined:undefined:undefined:undefined":2,"s:80:4:82:Infinity":11,"b:80:8:80:29:80:29:80:71":3,"s:81:6:81:Infinity":12,"b:85:4:92:Infinity:undefined:undefined:undefined:undefined":4,"s:85:4:92:Infinity":13,"b:85:8:85:28:85:28:85:47":5,"s:86:6:86:Infinity":14,"s:99:22:150:Infinity":15,"f:103:2:103:6":3,"s:104:4:104:Infinity":16,"f:110:2:110:7":4,"s:111:4:111:Infinity":17,"f:117:2:117:7":5,"s:118:4:118:Infinity":18,"f:124:2:124:8":6,"s:125:4:125:Infinity":19,"f:138:2:138:8":7,"s:139:4:148:Infinity":20,"f:140:11:140:12":8,"s:141:8:141:Infinity":21,"f:142:12:142:13":9,"s:143:8:143:Infinity":22,"f:144:12:144:13":10,"s:145:8:145:Infinity":23,"f:146:13:146:14":11,"s:147:8:147:Infinity":24}}}
,"C:\\Users\\marce\\Desktop\\Monynha Sotwares\\Codebase\\Projects\\monynha-portfolio-3d\\src\\lib\\markdownLoader.ts": {"path":"C:\\Users\\marce\\Desktop\\Monynha Sotwares\\Codebase\\Projects\\monynha-portfolio-3d\\src\\lib\\markdownLoader.ts","statementMap":{"0":{"start":{"line":35,"column":19},"end":{"line":40,"column":null}},"1":{"start":{"line":46,"column":2},"end":{"line":71,"column":null}},"2":{"start":{"line":47,"column":21},"end":{"line":47,"column":null}},"3":{"start":{"line":49,"column":4},"end":{"line":52,"column":null}},"4":{"start":{"line":50,"column":6},"end":{"line":50,"column":null}},"5":{"start":{"line":51,"column":6},"end":{"line":51,"column":null}},"6":{"start":{"line":54,"column":28},"end":{"line":54,"column":null}},"7":{"start":{"line":55,"column":27},"end":{"line":55,"column":null}},"8":{"start":{"line":56,"column":24},"end":{"line":56,"column":null}},"9":{"start":{"line":58,"column":4},"end":{"line":67,"column":null}},"10":{"start":{"line":69,"column":4},"end":{"line":69,"column":null}},"11":{"start":{"line":70,"column":4},"end":{"line":70,"column":null}},"12":{"start":{"line":78,"column":16},"end":{"line":79,"column":null}},"13":{"start":{"line":79,"column":27},"end":{"line":79,"column":null}},"14":{"start":{"line":83,"column":2},"end":{"line":85,"column":null}},"15":{"start":{"line":84,"column":40},"end":{"line":84,"column":null}},"16":{"start":{"line":85,"column":20},"end":{"line":85,"column":null}},"17":{"start":{"line":92,"column":2},"end":{"line":92,"column":null}}},"fnMap":{"0":{"name":"fetchMarkdownPost","decl":{"start":{"line":45,"column":15},"end":{"line":45,"column":33}},"loc":{"start":{"line":45,"column":45},"end":{"line":72,"column":null}},"line":45},"1":{"name":"getAllBlogPosts","decl":{"start":{"line":77,"column":22},"end":{"line":77,"column":null}},"loc":{"start":{"line":77,"column":22},"end":{"line":86,"column":null}},"line":77},"2":{"name":"(anonymous_2)","decl":{"start":{"line":79,"column":19},"end":{"line":79,"column":27}},"loc":{"start":{"line":79,"column":27},"end":{"line":79,"column":null}},"line":79},"3":{"name":"(anonymous_3)","decl":{"start":{"line":84,"column":12},"end":{"line":84,"column":13}},"loc":{"start":{"line":84,"column":40},"end":{"line":84,"column":null}},"line":84},"4":{"name":"(anonymous_4)","decl":{"start":{"line":85,"column":10},"end":{"line":85,"column":11}},"loc":{"start":{"line":85,"column":20},"end":{"line":85,"column":null}},"line":85},"5":{"name":"getBlogPostBySlug","decl":{"start":{"line":91,"column":22},"end":{"line":91,"column":40}},"loc":{"start":{"line":91,"column":52},"end":{"line":93,"column":null}},"line":91}},"branchMap":{"0":{"loc":{"start":{"line":49,"column":4},"end":{"line":52,"column":null}},"type":"if","locations":[{"start":{"line":49,"column":4},"end":{"line":52,"column":null}},{"start":{},"end":{}}],"line":49},"1":{"loc":{"start":{"line":63,"column":12},"end":{"line":63,"column":34}},"type":"binary-expr","locations":[{"start":{"line":63,"column":12},"end":{"line":63,"column":28}},{"start":{"line":63,"column":32},"end":{"line":63,"column":34}}],"line":63}},"s":{"0":1,"1":11,"2":11,"3":11,"4":5,"5":5,"6":6,"7":6,"8":6,"9":6,"10":0,"11":0,"12":2,"13":8,"14":2,"15":8,"16":2,"17":3},"f":{"0":11,"1":2,"2":8,"3":8,"4":2,"5":3},"b":{"0":[5,6],"1":[6,0]},"meta":{"lastBranch":2,"lastFunction":6,"lastStatement":18,"seen":{"s:35:19:40:Infinity":0,"f:45:15:45:33":0,"s:46:2:71:Infinity":1,"s:47:21:47:Infinity":2,"b:49:4:52:Infinity:undefined:undefined:undefined:undefined":0,"s:49:4:52:Infinity":3,"s:50:6:50:Infinity":4,"s:51:6:51:Infinity":5,"s:54:28:54:Infinity":6,"s:55:27:55:Infinity":7,"s:56:24:56:Infinity":8,"s:58:4:67:Infinity":9,"b:63:12:63:28:63:32:63:34":1,"s:69:4:69:Infinity":10,"s:70:4:70:Infinity":11,"f:77:22:77:Infinity":1,"s:78:16:79:Infinity":12,"f:79:19:79:27":2,"s:79:27:79:Infinity":13,"s:83:2:85:Infinity":14,"f:84:12:84:13":3,"s:84:40:84:Infinity":15,"f:85:10:85:11":4,"s:85:20:85:Infinity":16,"f:91:22:91:40":5,"s:92:2:92:Infinity":17}}}
,"C:\\Users\\marce\\Desktop\\Monynha Sotwares\\Codebase\\Projects\\monynha-portfolio-3d\\src\\lib\\supabaseClient.ts": {"path":"C:\\Users\\marce\\Desktop\\Monynha Sotwares\\Codebase\\Projects\\monynha-portfolio-3d\\src\\lib\\supabaseClient.ts","statementMap":{"0":{"start":{"line":5,"column":20},"end":{"line":5,"column":53}},"1":{"start":{"line":6,"column":24},"end":{"line":6,"column":57}},"2":{"start":{"line":7,"column":23},"end":{"line":7,"column":59}},"3":{"start":{"line":9,"column":0},"end":{"line":13,"column":null}},"4":{"start":{"line":10,"column":2},"end":{"line":12,"column":null}},"5":{"start":{"line":17,"column":24},"end":{"line":21,"column":null}},"6":{"start":{"line":24,"column":32},"end":{"line":24,"column":null}},"7":{"start":{"line":25,"column":29},"end":{"line":25,"column":null}}},"fnMap":{},"branchMap":{"0":{"loc":{"start":{"line":9,"column":0},"end":{"line":13,"column":null}},"type":"if","locations":[{"start":{"line":9,"column":0},"end":{"line":13,"column":null}},{"start":{},"end":{}}],"line":9},"1":{"loc":{"start":{"line":9,"column":4},"end":{"line":9,"column":38}},"type":"binary-expr","locations":[{"start":{"line":9,"column":4},"end":{"line":9,"column":20}},{"start":{"line":9,"column":20},"end":{"line":9,"column":38}}],"line":9},"2":{"loc":{"start":{"line":17,"column":24},"end":{"line":21,"column":null}},"type":"cond-expr","locations":[{"start":{"line":17,"column":39},"end":{"line":20,"column":null}},{"start":{"line":21,"column":4},"end":{"line":21,"column":null}}],"line":17},"3":{"loc":{"start":{"line":17,"column":24},"end":{"line":17,"column":null}},"type":"binary-expr","locations":[{"start":{"line":17,"column":24},"end":{"line":17,"column":39}},{"start":{"line":17,"column":39},"end":{"line":17,"column":null}}],"line":17},"4":{"loc":{"start":{"line":19,"column":20},"end":{"line":19,"column":50}},"type":"binary-expr","locations":[{"start":{"line":19,"column":20},"end":{"line":19,"column":38}},{"start":{"line":19,"column":38},"end":{"line":19,"column":50}}],"line":19}},"s":{"0":1,"1":1,"2":1,"3":1,"4":0,"5":1,"6":1,"7":1},"f":{},"b":{"0":[0,1],"1":[1,1],"2":[1,0],"3":[1,1],"4":[1,0]},"meta":{"lastBranch":5,"lastFunction":0,"lastStatement":8,"seen":{"s:5:20:5:53":0,"s:6:24:6:57":1,"s:7:23:7:59":2,"b:9:0:13:Infinity:undefined:undefined:undefined:undefined":0,"s:9:0:13:Infinity":3,"b:9:4:9:20:9:20:9:38":1,"s:10:2:12:Infinity":4,"s:17:24:21:Infinity":5,"b:17:39:20:Infinity:21:4:21:Infinity":2,"b:17:24:17:39:17:39:17:Infinity":3,"b:19:20:19:38:19:38:19:50":4,"s:24:32:24:Infinity":6,"s:25:29:25:Infinity":7}}}
,"C:\\Users\\marce\\Desktop\\Monynha Sotwares\\Codebase\\Projects\\monynha-portfolio-3d\\src\\lib\\translateService.ts": {"path":"C:\\Users\\marce\\Desktop\\Monynha Sotwares\\Codebase\\Projects\\monynha-portfolio-3d\\src\\lib\\translateService.ts","statementMap":{"0":{"start":{"line":9,"column":25},"end":{"line":9,"column":null}},"1":{"start":{"line":10,"column":22},"end":{"line":10,"column":29}},"2":{"start":{"line":12,"column":27},"end":{"line":12,"column":null}},"3":{"start":{"line":34,"column":4},"end":{"line":44,"column":null}},"4":{"start":{"line":35,"column":21},"end":{"line":35,"column":null}},"5":{"start":{"line":36,"column":6},"end":{"line":41,"column":null}},"6":{"start":{"line":37,"column":23},"end":{"line":37,"column":null}},"7":{"start":{"line":38,"column":8},"end":{"line":40,"column":null}},"8":{"start":{"line":39,"column":10},"end":{"line":39,"column":null}},"9":{"start":{"line":43,"column":6},"end":{"line":43,"column":null}},"10":{"start":{"line":45,"column":4},"end":{"line":45,"column":null}},"11":{"start":{"line":49,"column":4},"end":{"line":53,"column":null}},"12":{"start":{"line":50,"column":6},"end":{"line":50,"column":null}},"13":{"start":{"line":52,"column":6},"end":{"line":52,"column":null}},"14":{"start":{"line":58,"column":4},"end":{"line":58,"column":null}},"15":{"start":{"line":62,"column":21},"end":{"line":62,"column":null}},"16":{"start":{"line":63,"column":4},"end":{"line":63,"column":null}},"17":{"start":{"line":67,"column":21},"end":{"line":67,"column":null}},"18":{"start":{"line":68,"column":4},"end":{"line":68,"column":null}},"19":{"start":{"line":69,"column":4},"end":{"line":69,"column":null}},"20":{"start":{"line":82,"column":4},"end":{"line":84,"column":null}},"21":{"start":{"line":83,"column":6},"end":{"line":83,"column":null}},"22":{"start":{"line":87,"column":19},"end":{"line":87,"column":null}},"23":{"start":{"line":88,"column":4},"end":{"line":90,"column":null}},"24":{"start":{"line":89,"column":6},"end":{"line":89,"column":null}},"25":{"start":{"line":93,"column":23},"end":{"line":93,"column":null}},"26":{"start":{"line":94,"column":20},"end":{"line":94,"column":null}},"27":{"start":{"line":95,"column":4},"end":{"line":97,"column":null}},"28":{"start":{"line":96,"column":6},"end":{"line":96,"column":null}},"29":{"start":{"line":100,"column":31},"end":{"line":100,"column":null}},"30":{"start":{"line":101,"column":4},"end":{"line":101,"column":null}},"31":{"start":{"line":103,"column":4},"end":{"line":113,"column":null}},"32":{"start":{"line":104,"column":21},"end":{"line":104,"column":null}},"33":{"start":{"line":105,"column":6},"end":{"line":105,"column":null}},"34":{"start":{"line":106,"column":6},"end":{"line":106,"column":null}},"35":{"start":{"line":108,"column":6},"end":{"line":108,"column":null}},"36":{"start":{"line":110,"column":6},"end":{"line":110,"column":null}},"37":{"start":{"line":112,"column":6},"end":{"line":112,"column":null}},"38":{"start":{"line":122,"column":19},"end":{"line":128,"column":null}},"39":{"start":{"line":130,"column":16},"end":{"line":130,"column":60}},"40":{"start":{"line":132,"column":21},"end":{"line":137,"column":null}},"41":{"start":{"line":139,"column":4},"end":{"line":141,"column":null}},"42":{"start":{"line":140,"column":6},"end":{"line":140,"column":null}},"43":{"start":{"line":143,"column":17},"end":{"line":143,"column":null}},"44":{"start":{"line":147,"column":4},"end":{"line":155,"column":null}},"45":{"start":{"line":148,"column":27},"end":{"line":150,"column":null}},"46":{"start":{"line":149,"column":37},"end":{"line":149,"column":67}},"47":{"start":{"line":150,"column":34},"end":{"line":150,"column":41}},"48":{"start":{"line":152,"column":6},"end":{"line":154,"column":null}},"49":{"start":{"line":153,"column":8},"end":{"line":153,"column":null}},"50":{"start":{"line":158,"column":4},"end":{"line":158,"column":null}},"51":{"start":{"line":169,"column":4},"end":{"line":171,"column":null}},"52":{"start":{"line":170,"column":6},"end":{"line":170,"column":null}},"53":{"start":{"line":173,"column":30},"end":{"line":173,"column":32}},"54":{"start":{"line":174,"column":69},"end":{"line":174,"column":71}},"55":{"start":{"line":177,"column":4},"end":{"line":185,"column":null}},"56":{"start":{"line":177,"column":17},"end":{"line":177,"column":20}},"57":{"start":{"line":178,"column":19},"end":{"line":178,"column":27}},"58":{"start":{"line":179,"column":21},"end":{"line":179,"column":null}},"59":{"start":{"line":180,"column":6},"end":{"line":184,"column":null}},"60":{"start":{"line":181,"column":8},"end":{"line":181,"column":null}},"61":{"start":{"line":183,"column":8},"end":{"line":183,"column":null}},"62":{"start":{"line":189,"column":4},"end":{"line":208,"column":null}},"63":{"start":{"line":190,"column":6},"end":{"line":207,"column":null}},"64":{"start":{"line":191,"column":29},"end":{"line":193,"column":null}},"65":{"start":{"line":193,"column":12},"end":{"line":193,"column":null}},"66":{"start":{"line":198,"column":8},"end":{"line":200,"column":null}},"67":{"start":{"line":199,"column":10},"end":{"line":199,"column":null}},"68":{"start":{"line":202,"column":8},"end":{"line":202,"column":null}},"69":{"start":{"line":204,"column":8},"end":{"line":206,"column":null}},"70":{"start":{"line":205,"column":10},"end":{"line":205,"column":null}},"71":{"start":{"line":210,"column":4},"end":{"line":210,"column":null}},"72":{"start":{"line":217,"column":4},"end":{"line":217,"column":null}},"73":{"start":{"line":218,"column":4},"end":{"line":218,"column":null}},"74":{"start":{"line":226,"column":4},"end":{"line":226,"column":null}},"75":{"start":{"line":26,"column":2},"end":{"line":26,"column":10}},"76":{"start":{"line":27,"column":2},"end":{"line":27,"column":null}},"77":{"start":{"line":30,"column":4},"end":{"line":30,"column":null}},"78":{"start":{"line":231,"column":34},"end":{"line":231,"column":null}},"79":{"start":{"line":241,"column":2},"end":{"line":241,"column":null}},"80":{"start":{"line":252,"column":2},"end":{"line":252,"column":null}}},"fnMap":{"0":{"name":"(anonymous_0)","decl":{"start":{"line":33,"column":10},"end":{"line":33,"column":40}},"loc":{"start":{"line":33,"column":40},"end":{"line":46,"column":null}},"line":33},"1":{"name":"(anonymous_1)","decl":{"start":{"line":48,"column":10},"end":{"line":48,"column":28}},"loc":{"start":{"line":48,"column":28},"end":{"line":54,"column":null}},"line":48},"2":{"name":"(anonymous_2)","decl":{"start":{"line":56,"column":10},"end":{"line":56,"column":22}},"loc":{"start":{"line":56,"column":64},"end":{"line":59,"column":null}},"line":56},"3":{"name":"(anonymous_3)","decl":{"start":{"line":61,"column":10},"end":{"line":61,"column":31}},"loc":{"start":{"line":61,"column":80},"end":{"line":64,"column":null}},"line":61},"4":{"name":"(anonymous_4)","decl":{"start":{"line":66,"column":10},"end":{"line":66,"column":31}},"loc":{"start":{"line":66,"column":92},"end":{"line":70,"column":null}},"line":66},"5":{"name":"(anonymous_5)","decl":{"start":{"line":76,"column":8},"end":{"line":76,"column":18}},"loc":{"start":{"line":80,"column":40},"end":{"line":114,"column":null}},"line":80},"6":{"name":"(anonymous_6)","decl":{"start":{"line":116,"column":16},"end":{"line":116,"column":null}},"loc":{"start":{"line":120,"column":21},"end":{"line":159,"column":null}},"line":120},"7":{"name":"(anonymous_7)","decl":{"start":{"line":149,"column":16},"end":{"line":149,"column":17}},"loc":{"start":{"line":149,"column":37},"end":{"line":149,"column":67}},"line":149},"8":{"name":"(anonymous_8)","decl":{"start":{"line":150,"column":13},"end":{"line":150,"column":14}},"loc":{"start":{"line":150,"column":34},"end":{"line":150,"column":41}},"line":150},"9":{"name":"(anonymous_9)","decl":{"start":{"line":164,"column":8},"end":{"line":164,"column":null}},"loc":{"start":{"line":168,"column":23},"end":{"line":211,"column":null}},"line":168},"10":{"name":"(anonymous_10)","decl":{"start":{"line":192,"column":31},"end":{"line":192,"column":32}},"loc":{"start":{"line":193,"column":12},"end":{"line":193,"column":null}},"line":193},"11":{"name":"(anonymous_11)","decl":{"start":{"line":198,"column":33},"end":{"line":198,"column":34}},"loc":{"start":{"line":198,"column":45},"end":{"line":200,"column":null}},"line":198},"12":{"name":"(anonymous_12)","decl":{"start":{"line":204,"column":33},"end":{"line":204,"column":34}},"loc":{"start":{"line":204,"column":49},"end":{"line":206,"column":null}},"line":204},"13":{"name":"(anonymous_13)","decl":{"start":{"line":216,"column":2},"end":{"line":216,"column":21}},"loc":{"start":{"line":216,"column":21},"end":{"line":219,"column":null}},"line":216},"14":{"name":"(anonymous_14)","decl":{"start":{"line":225,"column":2},"end":{"line":225,"column":25}},"loc":{"start":{"line":225,"column":25},"end":{"line":227,"column":null}},"line":225},"15":{"name":"(anonymous_15)","decl":{"start":{"line":29,"column":2},"end":{"line":29,"column":16}},"loc":{"start":{"line":29,"column":16},"end":{"line":31,"column":null}},"line":29},"16":{"name":"translateText","decl":{"start":{"line":236,"column":22},"end":{"line":236,"column":null}},"loc":{"start":{"line":239,"column":38},"end":{"line":242,"column":null}},"line":239},"17":{"name":"translateTexts","decl":{"start":{"line":247,"column":22},"end":{"line":247,"column":null}},"loc":{"start":{"line":250,"column":38},"end":{"line":253,"column":null}},"line":250}},"branchMap":{"0":{"loc":{"start":{"line":36,"column":6},"end":{"line":41,"column":null}},"type":"if","locations":[{"start":{"line":36,"column":6},"end":{"line":41,"column":null}},{"start":{},"end":{}}],"line":36},"1":{"loc":{"start":{"line":38,"column":8},"end":{"line":40,"column":null}},"type":"if","locations":[{"start":{"line":38,"column":8},"end":{"line":40,"column":null}},{"start":{},"end":{}}],"line":38},"2":{"loc":{"start":{"line":63,"column":11},"end":{"line":63,"column":null}},"type":"binary-expr","locations":[{"start":{"line":63,"column":11},"end":{"line":63,"column":44}},{"start":{"line":63,"column":48},"end":{"line":63,"column":null}}],"line":63},"3":{"loc":{"start":{"line":79,"column":4},"end":{"line":79,"column":21}},"type":"default-arg","locations":[{"start":{"line":79,"column":17},"end":{"line":79,"column":21}}],"line":79},"4":{"loc":{"start":{"line":82,"column":4},"end":{"line":84,"column":null}},"type":"if","locations":[{"start":{"line":82,"column":4},"end":{"line":84,"column":null}},{"start":{},"end":{}}],"line":82},"5":{"loc":{"start":{"line":88,"column":4},"end":{"line":90,"column":null}},"type":"if","locations":[{"start":{"line":88,"column":4},"end":{"line":90,"column":null}},{"start":{},"end":{}}],"line":88},"6":{"loc":{"start":{"line":95,"column":4},"end":{"line":97,"column":null}},"type":"if","locations":[{"start":{"line":95,"column":4},"end":{"line":97,"column":null}},{"start":{},"end":{}}],"line":95},"7":{"loc":{"start":{"line":139,"column":4},"end":{"line":141,"column":null}},"type":"if","locations":[{"start":{"line":139,"column":4},"end":{"line":141,"column":null}},{"start":{},"end":{}}],"line":139},"8":{"loc":{"start":{"line":147,"column":4},"end":{"line":155,"column":null}},"type":"if","locations":[{"start":{"line":147,"column":4},"end":{"line":155,"column":null}},{"start":{},"end":{}}],"line":147},"9":{"loc":{"start":{"line":147,"column":8},"end":{"line":147,"column":66}},"type":"binary-expr","locations":[{"start":{"line":147,"column":8},"end":{"line":147,"column":31}},{"start":{"line":147,"column":31},"end":{"line":147,"column":38}},{"start":{"line":147,"column":42},"end":{"line":147,"column":66}}],"line":147},"10":{"loc":{"start":{"line":149,"column":37},"end":{"line":149,"column":67}},"type":"binary-expr","locations":[{"start":{"line":149,"column":37},"end":{"line":149,"column":60}},{"start":{"line":149,"column":60},"end":{"line":149,"column":67}}],"line":149},"11":{"loc":{"start":{"line":152,"column":6},"end":{"line":154,"column":null}},"type":"if","locations":[{"start":{"line":152,"column":6},"end":{"line":154,"column":null}},{"start":{},"end":{}}],"line":152},"12":{"loc":{"start":{"line":167,"column":4},"end":{"line":167,"column":40}},"type":"default-arg","locations":[{"start":{"line":167,"column":36},"end":{"line":167,"column":40}}],"line":167},"13":{"loc":{"start":{"line":169,"column":4},"end":{"line":171,"column":null}},"type":"if","locations":[{"start":{"line":169,"column":4},"end":{"line":171,"column":null}},{"start":{},"end":{}}],"line":169},"14":{"loc":{"start":{"line":180,"column":6},"end":{"line":184,"column":null}},"type":"if","locations":[{"start":{"line":180,"column":6},"end":{"line":184,"column":null}},{"start":{"line":182,"column":13},"end":{"line":184,"column":null}}],"line":180},"15":{"loc":{"start":{"line":189,"column":4},"end":{"line":208,"column":null}},"type":"if","locations":[{"start":{"line":189,"column":4},"end":{"line":208,"column":null}},{"start":{},"end":{}}],"line":189},"16":{"loc":{"start":{"line":205,"column":27},"end":{"line":205,"column":null}},"type":"binary-expr","locations":[{"start":{"line":205,"column":27},"end":{"line":205,"column":41}},{"start":{"line":205,"column":45},"end":{"line":205,"column":null}}],"line":205},"17":{"loc":{"start":{"line":239,"column":2},"end":{"line":239,"column":38}},"type":"default-arg","locations":[{"start":{"line":239,"column":34},"end":{"line":239,"column":38}}],"line":239},"18":{"loc":{"start":{"line":250,"column":2},"end":{"line":250,"column":38}},"type":"default-arg","locations":[{"start":{"line":250,"column":34},"end":{"line":250,"column":38}}],"line":250}},"s":{"0":1,"1":1,"2":1,"3":1,"4":1,"5":1,"6":0,"7":0,"8":0,"9":0,"10":1,"11":4,"12":4,"13":0,"14":7,"15":3,"16":3,"17":2,"18":2,"19":2,"20":4,"21":1,"22":3,"23":3,"24":1,"25":2,"26":2,"27":2,"28":0,"29":2,"30":2,"31":2,"32":2,"33":2,"34":2,"35":0,"36":0,"37":2,"38":2,"39":2,"40":2,"41":2,"42":0,"43":2,"44":2,"45":2,"46":2,"47":2,"48":2,"49":2,"50":0,"51":1,"52":1,"53":0,"54":0,"55":0,"56":0,"57":0,"58":0,"59":0,"60":0,"61":0,"62":0,"63":0,"64":0,"65":0,"66":0,"67":0,"68":0,"69":0,"70":0,"71":0,"72":2,"73":2,"74":2,"75":1,"76":1,"77":1,"78":1,"79":4,"80":1},"f":{"0":1,"1":4,"2":7,"3":3,"4":2,"5":4,"6":2,"7":2,"8":2,"9":1,"10":0,"11":0,"12":0,"13":2,"14":2,"15":1,"16":4,"17":1},"b":{"0":[0,1],"1":[0,0],"2":[3,2],"3":[4],"4":[1,3],"5":[1,2],"6":[0,2],"7":[0,2],"8":[2,0],"9":[2,2,2],"10":[2,2],"11":[2,0],"12":[1],"13":[1,0],"14":[0,0],"15":[0,0],"16":[0,0],"17":[4],"18":[1]},"meta":{"lastBranch":19,"lastFunction":18,"lastStatement":81,"seen":{"s:9:25:9:Infinity":0,"s:10:22:10:29":1,"s:12:27:12:Infinity":2,"f:33:10:33:40":0,"s:34:4:44:Infinity":3,"s:35:21:35:Infinity":4,"b:36:6:41:Infinity:undefined:undefined:undefined:undefined":0,"s:36:6:41:Infinity":5,"s:37:23:37:Infinity":6,"b:38:8:40:Infinity:undefined:undefined:undefined:undefined":1,"s:38:8:40:Infinity":7,"s:39:10:39:Infinity":8,"s:43:6:43:Infinity":9,"s:45:4:45:Infinity":10,"f:48:10:48:28":1,"s:49:4:53:Infinity":11,"s:50:6:50:Infinity":12,"s:52:6:52:Infinity":13,"f:56:10:56:22":2,"s:58:4:58:Infinity":14,"f:61:10:61:31":3,"s:62:21:62:Infinity":15,"s:63:4:63:Infinity":16,"b:63:11:63:44:63:48:63:Infinity":2,"f:66:10:66:31":4,"s:67:21:67:Infinity":17,"s:68:4:68:Infinity":18,"s:69:4:69:Infinity":19,"f:76:8:76:18":5,"b:79:17:79:21":3,"b:82:4:84:Infinity:undefined:undefined:undefined:undefined":4,"s:82:4:84:Infinity":20,"s:83:6:83:Infinity":21,"s:87:19:87:Infinity":22,"b:88:4:90:Infinity:undefined:undefined:undefined:undefined":5,"s:88:4:90:Infinity":23,"s:89:6:89:Infinity":24,"s:93:23:93:Infinity":25,"s:94:20:94:Infinity":26,"b:95:4:97:Infinity:undefined:undefined:undefined:undefined":6,"s:95:4:97:Infinity":27,"s:96:6:96:Infinity":28,"s:100:31:100:Infinity":29,"s:101:4:101:Infinity":30,"s:103:4:113:Infinity":31,"s:104:21:104:Infinity":32,"s:105:6:105:Infinity":33,"s:106:6:106:Infinity":34,"s:108:6:108:Infinity":35,"s:110:6:110:Infinity":36,"s:112:6:112:Infinity":37,"f:116:16:116:Infinity":6,"s:122:19:128:Infinity":38,"s:130:16:130:60":39,"s:132:21:137:Infinity":40,"b:139:4:141:Infinity:undefined:undefined:undefined:undefined":7,"s:139:4:141:Infinity":41,"s:140:6:140:Infinity":42,"s:143:17:143:Infinity":43,"b:147:4:155:Infinity:undefined:undefined:undefined:undefined":8,"s:147:4:155:Infinity":44,"b:147:8:147:31:147:31:147:38:147:42:147:66":9,"s:148:27:150:Infinity":45,"f:149:16:149:17":7,"s:149:37:149:67":46,"b:149:37:149:60:149:60:149:67":10,"f:150:13:150:14":8,"s:150:34:150:41":47,"b:152:6:154:Infinity:undefined:undefined:undefined:undefined":11,"s:152:6:154:Infinity":48,"s:153:8:153:Infinity":49,"s:158:4:158:Infinity":50,"f:164:8:164:Infinity":9,"b:167:36:167:40":12,"b:169:4:171:Infinity:undefined:undefined:undefined:undefined":13,"s:169:4:171:Infinity":51,"s:170:6:170:Infinity":52,"s:173:30:173:32":53,"s:174:69:174:71":54,"s:177:4:185:Infinity":55,"s:177:17:177:20":56,"s:178:19:178:27":57,"s:179:21:179:Infinity":58,"b:180:6:184:Infinity:182:13:184:Infinity":14,"s:180:6:184:Infinity":59,"s:181:8:181:Infinity":60,"s:183:8:183:Infinity":61,"b:189:4:208:Infinity:undefined:undefined:undefined:undefined":15,"s:189:4:208:Infinity":62,"s:190:6:207:Infinity":63,"s:191:29:193:Infinity":64,"f:192:31:192:32":10,"s:193:12:193:Infinity":65,"s:198:8:200:Infinity":66,"f:198:33:198:34":11,"s:199:10:199:Infinity":67,"s:202:8:202:Infinity":68,"s:204:8:206:Infinity":69,"f:204:33:204:34":12,"s:205:10:205:Infinity":70,"b:205:27:205:41:205:45:205:Infinity":16,"s:210:4:210:Infinity":71,"f:216:2:216:21":13,"s:217:4:217:Infinity":72,"s:218:4:218:Infinity":73,"f:225:2:225:25":14,"s:226:4:226:Infinity":74,"f:29:2:29:16":15,"s:26:2:26:10":75,"s:27:2:27:Infinity":76,"s:30:4:30:Infinity":77,"s:231:34:231:Infinity":78,"f:236:22:236:Infinity":16,"b:239:34:239:38":17,"s:241:2:241:Infinity":79,"f:247:22:247:Infinity":17,"b:250:34:250:38":18,"s:252:2:252:Infinity":80}}}
}
